{
  "RSpec": {
    "coverage": {
      "C:/Users/Sytze/RubymineProjects/taskany/app/models/user.rb": {
        "lines": [
          null,
          null,
          null,
          null,
          null,
          null,
          null,
          null,
          null,
          null,
          null,
          null,
          null,
          null,
          null,
          1,
          null,
          1,
          null,
          null,
          null,
          null,
          null,
          null,
          1,
          null,
          null
        ]
      },
      "C:/Users/Sytze/RubymineProjects/taskany/app/models/application_record.rb": {
        "lines": [
          null,
          null,
          1,
          1,
          null
        ]
      },
      "C:/Users/Sytze/RubymineProjects/taskany/app/helpers/application_helper.rb": {
        "lines": [
          null,
          null,
          1,
          null
        ]
      },
      "C:/Users/Sytze/RubymineProjects/taskany/app/helpers/projects_helper.rb": {
        "lines": [
          null,
          null,
          1,
          null
        ]
      },
      "C:/Users/Sytze/RubymineProjects/taskany/app/helpers/tasks_helper.rb": {
        "lines": [
          null,
          null,
          1,
          null
        ]
      },
      "C:/Users/Sytze/RubymineProjects/taskany/app/components/board_component.rb": {
        "lines": [
          null,
          null,
          1,
          1,
          178,
          null,
          178,
          null,
          null
        ]
      },
      "C:/Users/Sytze/RubymineProjects/taskany/app/components/column_component.rb": {
        "lines": [
          null,
          null,
          1,
          1,
          1464,
          null,
          1464,
          1464,
          1464,
          null,
          null,
          null,
          1,
          182,
          1456,
          null,
          1640,
          null,
          null,
          null,
          null
        ]
      },
      "C:/Users/Sytze/RubymineProjects/taskany/app/controllers/projects_controller.rb": {
        "lines": [
          null,
          null,
          1,
          1,
          1,
          null,
          1,
          4,
          null,
          null,
          1,
          8,
          null,
          null,
          1,
          3,
          null,
          null,
          1,
          null,
          1,
          6,
          null,
          6,
          6,
          8,
          4,
          null,
          4,
          2,
          null,
          null,
          null,
          null,
          1,
          4,
          4,
          6,
          3,
          null,
          2,
          1,
          null,
          null,
          null,
          null,
          1,
          2,
          null,
          2,
          4,
          2,
          null,
          null,
          null,
          1,
          null,
          1,
          20,
          null,
          null,
          1,
          10,
          null,
          null
        ]
      },
      "C:/Users/Sytze/RubymineProjects/taskany/app/controllers/application_controller.rb": {
        "lines": [
          null,
          null,
          1,
          null
        ]
      },
      "C:/Users/Sytze/RubymineProjects/taskany/app/controllers/tasks_controller.rb": {
        "lines": [
          null,
          null,
          1,
          1,
          1,
          1,
          null,
          1,
          12,
          null,
          null,
          1,
          4,
          null,
          null,
          1,
          3,
          null,
          null,
          1,
          null,
          1,
          5,
          null,
          5,
          5,
          8,
          4,
          null,
          2,
          1,
          null,
          null,
          null,
          null,
          1,
          4,
          4,
          6,
          3,
          null,
          2,
          1,
          null,
          null,
          null,
          null,
          1,
          2,
          null,
          2,
          4,
          2,
          null,
          null,
          null,
          1,
          null,
          1,
          42,
          null,
          null,
          1,
          19,
          null,
          null,
          1,
          9,
          null,
          null
        ]
      },
      "C:/Users/Sytze/RubymineProjects/taskany/app/models/project.rb": {
        "lines": [
          null,
          null,
          null,
          null,
          null,
          null,
          null,
          null,
          null,
          null,
          null,
          1,
          null,
          1,
          null,
          null,
          1,
          null
        ]
      },
      "C:/Users/Sytze/RubymineProjects/taskany/app/models/task.rb": {
        "lines": [
          null,
          null,
          null,
          null,
          null,
          null,
          null,
          null,
          null,
          null,
          null,
          null,
          null,
          null,
          null,
          1,
          null,
          1,
          null,
          null,
          null,
          null,
          null,
          null,
          null,
          null,
          null,
          null,
          null,
          1,
          1,
          null,
          null,
          1,
          1,
          null,
          null,
          1,
          null,
          null,
          1,
          127,
          null,
          null,
          null,
          null,
          null,
          1,
          161,
          null,
          161,
          null,
          null,
          null,
          null
        ]
      },
      "C:/Users/Sytze/RubymineProjects/taskany/app/models/task_callbacks.rb": {
        "lines": [
          null,
          null,
          1,
          1,
          288,
          null,
          288,
          161,
          null,
          127,
          null,
          null,
          null
        ]
      }
    },
    "timestamp": 1682177179
  }
}
